# JRE version: OpenJDK Runtime Environment (8.0_242-b08) (build 1.8.0_242-b08)
# Java VM: OpenJDK 64-Bit Server VM (25.242-b08 mixed mode linux-amd64 compressed oops)
Heap:
 PSYoungGen      total 683008K, used 0K [0x0000000781800000, 0x00000007c0000000, 0x00000007c0000000)
  eden space 342016K, 0% used [0x0000000781800000,0x0000000781800000,0x0000000796600000)
  from space 340992K, 0% used [0x0000000796600000,0x0000000796600000,0x00000007ab300000)
  to   space 340992K, 0% used [0x00000007ab300000,0x00000007ab300000,0x00000007c0000000)
 ParOldGen       total 835584K, used 831881K [0x0000000704800000, 0x0000000737800000, 0x0000000781800000)
  object space 835584K, 99% used [0x0000000704800000,0x00000007374625a0,0x0000000737800000)
 Metaspace       used 100149K, capacity 109967K, committed 110168K, reserved 1142784K
  class space    used 13719K, capacity 15968K, committed 16000K, reserved 1048576K
GC Heap History (10 events):
Event: 396.890 GC heap after
Heap after GC invocations=107 (full 6):
 PSYoungGen      total 637440K, used 239967K [0x0000000781800000, 0x00000007c0000000, 0x00000007c0000000)
  eden space 397312K, 0% used [0x0000000781800000,0x0000000781800000,0x0000000799c00000)
  from space 240128K, 99% used [0x0000000799c00000,0x00000007a8657cf0,0x00000007a8680000)
  to   space 325632K, 0% used [0x00000007ac200000,0x00000007ac200000,0x00000007c0000000)
 ParOldGen       total 835584K, used 709801K [0x0000000704800000, 0x0000000737800000, 0x0000000781800000)
  object space 835584K, 84% used [0x0000000704800000,0x000000072fd2a5e8,0x0000000737800000)
 Metaspace       used 100146K, capacity 109967K, committed 110168K, reserved 1142784K
  class space    used 13719K, capacity 15968K, committed 16000K, reserved 1048576K
}
Event: 398.121 GC heap before
{Heap before GC invocations=108 (full 6):
 PSYoungGen      total 637440K, used 637279K [0x0000000781800000, 0x00000007c0000000, 0x00000007c0000000)
  eden space 397312K, 100% used [0x0000000781800000,0x0000000799c00000,0x0000000799c00000)
  from space 240128K, 99% used [0x0000000799c00000,0x00000007a8657cf0,0x00000007a8680000)
  to   space 325632K, 0% used [0x00000007ac200000,0x00000007ac200000,0x00000007c0000000)
 ParOldGen       total 835584K, used 709801K [0x0000000704800000, 0x0000000737800000, 0x0000000781800000)
  object space 835584K, 84% used [0x0000000704800000,0x000000072fd2a5e8,0x0000000737800000)
 Metaspace       used 100147K, capacity 109967K, committed 110168K, reserved 1142784K
  class space    used 13719K, capacity 15968K, committed 16000K, reserved 1048576K
Event: 398.213 GC heap after
Heap after GC invocations=108 (full 6):
 PSYoungGen      total 671744K, used 253286K [0x0000000781800000, 0x00000007c0000000, 0x00000007c0000000)
  eden space 346112K, 0% used [0x0000000781800000,0x0000000781800000,0x0000000796a00000)
  from space 325632K, 77% used [0x00000007ac200000,0x00000007bb9598e0,0x00000007c0000000)
  to   space 338944K, 0% used [0x0000000796a00000,0x0000000796a00000,0x00000007ab500000)
 ParOldGen       total 835584K, used 710221K [0x0000000704800000, 0x0000000737800000, 0x0000000781800000)
  object space 835584K, 84% used [0x0000000704800000,0x000000072fd93660,0x0000000737800000)
 Metaspace       used 100147K, capacity 109967K, committed 110168K, reserved 1142784K
  class space    used 13719K, capacity 15968K, committed 16000K, reserved 1048576K
}
Event: 399.370 GC heap before
{Heap before GC invocations=109 (full 6):
 PSYoungGen      total 671744K, used 599398K [0x0000000781800000, 0x00000007c0000000, 0x00000007c0000000)
  eden space 346112K, 100% used [0x0000000781800000,0x0000000796a00000,0x0000000796a00000)
  from space 325632K, 77% used [0x00000007ac200000,0x00000007bb9598e0,0x00000007c0000000)
  to   space 338944K, 0% used [0x0000000796a00000,0x0000000796a00000,0x00000007ab500000)
 ParOldGen       total 835584K, used 710221K [0x0000000704800000, 0x0000000737800000, 0x0000000781800000)
  object space 835584K, 84% used [0x0000000704800000,0x000000072fd93660,0x0000000737800000)
 Metaspace       used 100147K, capacity 109967K, committed 110168K, reserved 1142784K
  class space    used 13719K, capacity 15968K, committed 16000K, reserved 1048576K
Event: 399.471 GC heap after
Heap after GC invocations=109 (full 6):
 PSYoungGen      total 616448K, used 269988K [0x0000000781800000, 0x00000007c0000000, 0x00000007c0000000)
  eden space 346112K, 0% used [0x0000000781800000,0x0000000781800000,0x0000000796a00000)
  from space 270336K, 99% used [0x0000000796a00000,0x00000007a71a9370,0x00000007a7200000)
  to   space 340992K, 0% used [0x00000007ab300000,0x00000007ab300000,0x00000007c0000000)
 ParOldGen       total 835584K, used 710577K [0x0000000704800000, 0x0000000737800000, 0x0000000781800000)
  object space 835584K, 85% used [0x0000000704800000,0x000000072fdec670,0x0000000737800000)
 Metaspace       used 100147K, capacity 109967K, committed 110168K, reserved 1142784K
  class space    used 13719K, capacity 15968K, committed 16000K, reserved 1048576K
}
Event: 400.450 GC heap before
{Heap before GC invocations=110 (full 6):
 PSYoungGen      total 616448K, used 616100K [0x0000000781800000, 0x00000007c0000000, 0x00000007c0000000)
  eden space 346112K, 100% used [0x0000000781800000,0x0000000796a00000,0x0000000796a00000)
  from space 270336K, 99% used [0x0000000796a00000,0x00000007a71a9370,0x00000007a7200000)
  to   space 340992K, 0% used [0x00000007ab300000,0x00000007ab300000,0x00000007c0000000)
 ParOldGen       total 835584K, used 710577K [0x0000000704800000, 0x0000000737800000, 0x0000000781800000)
  object space 835584K, 85% used [0x0000000704800000,0x000000072fdec670,0x0000000737800000)
 Metaspace       used 100147K, capacity 109967K, committed 110168K, reserved 1142784K
  class space    used 13719K, capacity 15968K, committed 16000K, reserved 1048576K
Event: 400.553 GC heap after
Heap after GC invocations=110 (full 6):
 PSYoungGen      total 683008K, used 276851K [0x0000000781800000, 0x00000007c0000000, 0x00000007c0000000)
  eden space 342016K, 0% used [0x0000000781800000,0x0000000781800000,0x0000000796600000)
  from space 340992K, 81% used [0x00000007ab300000,0x00000007bc15cff8,0x00000007c0000000)
  to   space 340992K, 0% used [0x0000000796600000,0x0000000796600000,0x00000007ab300000)
 ParOldGen       total 835584K, used 711137K [0x0000000704800000, 0x0000000737800000, 0x0000000781800000)
  object space 835584K, 85% used [0x0000000704800000,0x000000072fe786a0,0x0000000737800000)
 Metaspace       used 100147K, capacity 109967K, committed 110168K, reserved 1142784K
  class space    used 13719K, capacity 15968K, committed 16000K, reserved 1048576K
}
Event: 401.661 GC heap before
{Heap before GC invocations=111 (full 6):
 PSYoungGen      total 683008K, used 618867K [0x0000000781800000, 0x00000007c0000000, 0x00000007c0000000)
  eden space 342016K, 100% used [0x0000000781800000,0x0000000796600000,0x0000000796600000)
  from space 340992K, 81% used [0x00000007ab300000,0x00000007bc15cff8,0x00000007c0000000)
  to   space 340992K, 0% used [0x0000000796600000,0x0000000796600000,0x00000007ab300000)
 ParOldGen       total 835584K, used 711137K [0x0000000704800000, 0x0000000737800000, 0x0000000781800000)
  object space 835584K, 85% used [0x0000000704800000,0x000000072fe786a0,0x0000000737800000)
 Metaspace       used 100149K, capacity 109967K, committed 110168K, reserved 1142784K
  class space    used 13719K, capacity 15968K, committed 16000K, reserved 1048576K
Event: 401.815 GC heap after
Heap after GC invocations=111 (full 6):
 PSYoungGen      total 683008K, used 211324K [0x0000000781800000, 0x00000007c0000000, 0x00000007c0000000)
  eden space 342016K, 0% used [0x0000000781800000,0x0000000781800000,0x0000000796600000)
  from space 340992K, 61% used [0x0000000796600000,0x00000007a345f2d0,0x00000007ab300000)
  to   space 340992K, 0% used [0x00000007ab300000,0x00000007ab300000,0x00000007c0000000)
 ParOldGen       total 835584K, used 791257K [0x0000000704800000, 0x0000000737800000, 0x0000000781800000)
  object space 835584K, 94% used [0x0000000704800000,0x0000000734cb6788,0x0000000737800000)
 Metaspace       used 100149K, capacity 109967K, committed 110168K, reserved 1142784K
  class space    used 13719K, capacity 15968K, committed 16000K, reserved 1048576K
}
Event: 401.815 GC heap before
{Heap before GC invocations=112 (full 7):
 PSYoungGen      total 683008K, used 211324K [0x0000000781800000, 0x00000007c0000000, 0x00000007c0000000)
  eden space 342016K, 0% used [0x0000000781800000,0x0000000781800000,0x0000000796600000)
  from space 340992K, 61% used [0x0000000796600000,0x00000007a345f2d0,0x00000007ab300000)
  to   space 340992K, 0% used [0x00000007ab300000,0x00000007ab300000,0x00000007c0000000)
 ParOldGen       total 835584K, used 791257K [0x0000000704800000, 0x0000000737800000, 0x0000000781800000)
  object space 835584K, 94% used [0x0000000704800000,0x0000000734cb6788,0x0000000737800000)
 Metaspace       used 100149K, capacity 109967K, committed 110168K, reserved 1142784K
  class space    used 13719K, capacity 15968K, committed 16000K, reserved 1048576K

